2025-06-02 04:28:07.086 [main] [] INFO  com.example.CalculatorApplication - Starting CalculatorApplication v0.0.1-SNAPSHOT using Java 24.0.1 with PID 1 (/app/app.jar started by root in /app)
2025-06-02 04:28:07.089 [main] [] INFO  com.example.CalculatorApplication - No active profile set, falling back to 1 default profile: "default"
2025-06-02 04:28:09.168 [main] [] INFO  o.s.b.w.e.tomcat.TomcatWebServer - Tomcat initialized with port 8080 (http)
2025-06-02 04:28:09.184 [main] [] INFO  o.a.coyote.http11.Http11NioProtocol - Initializing ProtocolHandler ["http-nio-8080"]
2025-06-02 04:28:09.194 [main] [] INFO  o.a.catalina.core.StandardService - Starting service [Tomcat]
2025-06-02 04:28:09.195 [main] [] INFO  o.a.catalina.core.StandardEngine - Starting Servlet engine: [Apache Tomcat/10.1.41]
2025-06-02 04:28:09.234 [main] [] INFO  o.a.c.c.C.[Tomcat].[localhost].[/] - Initializing Spring embedded WebApplicationContext
2025-06-02 04:28:09.235 [main] [] INFO  o.s.b.w.s.c.ServletWebServerApplicationContext - Root WebApplicationContext: initialization completed in 2068 ms
2025-06-02 04:28:11.011 [main] [] INFO  o.a.coyote.http11.Http11NioProtocol - Starting ProtocolHandler ["http-nio-8080"]
2025-06-02 04:28:11.056 [main] [] INFO  o.s.b.w.e.tomcat.TomcatWebServer - Tomcat started on port 8080 (http) with context path '/'
2025-06-02 04:28:11.370 [main] [] INFO  com.example.CalculatorApplication - Started CalculatorApplication in 4.849 seconds (process running for 5.915)
2025-06-02 04:28:16.254 [org.springframework.kafka.KafkaListenerEndpointContainer#0-0-C-1] [] INFO  o.s.k.l.KafkaMessageListenerContainer - calculator-group: partitions assigned: [requests-0]
2025-06-02 04:28:16.306 [org.springframework.kafka.KafkaListenerEndpointContainer#0-0-C-1] [8c86e7e3-261c-4584-aef1-1de833ae995b] INFO  c.e.service.KafkaConsumerService - Received request: multiply for operands 20 and 10
2025-06-02 04:28:16.307 [org.springframework.kafka.KafkaListenerEndpointContainer#0-0-C-1] [8c86e7e3-261c-4584-aef1-1de833ae995b] INFO  c.e.service.KafkaConsumerService - Calculation result: 200
2025-06-02 04:47:43.375 [org.springframework.kafka.KafkaListenerEndpointContainer#0-0-C-1] [] INFO  o.s.k.l.KafkaMessageListenerContainer - calculator-group: partitions revoked: [requests-0]
2025-06-02 04:47:43.557 [org.springframework.kafka.KafkaListenerEndpointContainer#0-0-C-1] [] INFO  o.s.k.l.KafkaMessageListenerContainer - calculator-group: Consumer stopped
2025-06-02 04:47:43.561 [SpringApplicationShutdownHook] [] INFO  o.s.b.w.e.tomcat.GracefulShutdown - Commencing graceful shutdown. Waiting for active requests to complete
2025-06-02 04:47:43.568 [tomcat-shutdown] [] INFO  o.s.b.w.e.tomcat.GracefulShutdown - Graceful shutdown complete
2025-06-02 04:48:00.248 [main] [] INFO  com.example.CalculatorApplication - Starting CalculatorApplication v0.0.1-SNAPSHOT using Java 24.0.1 with PID 1 (/app/app.jar started by root in /app)
2025-06-02 04:48:00.251 [main] [] INFO  com.example.CalculatorApplication - No active profile set, falling back to 1 default profile: "default"
2025-06-02 04:48:01.755 [main] [] INFO  o.s.b.w.e.tomcat.TomcatWebServer - Tomcat initialized with port 8080 (http)
2025-06-02 04:48:01.774 [main] [] INFO  o.a.coyote.http11.Http11NioProtocol - Initializing ProtocolHandler ["http-nio-8080"]
2025-06-02 04:48:01.777 [main] [] INFO  o.a.catalina.core.StandardService - Starting service [Tomcat]
2025-06-02 04:48:01.778 [main] [] INFO  o.a.catalina.core.StandardEngine - Starting Servlet engine: [Apache Tomcat/10.1.41]
2025-06-02 04:48:01.817 [main] [] INFO  o.a.c.c.C.[Tomcat].[localhost].[/] - Initializing Spring embedded WebApplicationContext
2025-06-02 04:48:01.818 [main] [] INFO  o.s.b.w.s.c.ServletWebServerApplicationContext - Root WebApplicationContext: initialization completed in 1510 ms
2025-06-02 04:48:03.348 [main] [] INFO  o.a.coyote.http11.Http11NioProtocol - Starting ProtocolHandler ["http-nio-8080"]
2025-06-02 04:48:03.365 [main] [] INFO  o.s.b.w.e.tomcat.TomcatWebServer - Tomcat started on port 8080 (http) with context path '/'
2025-06-02 04:48:03.645 [main] [] INFO  com.example.CalculatorApplication - Started CalculatorApplication in 4.026 seconds (process running for 5.178)
2025-06-02 04:48:08.391 [org.springframework.kafka.KafkaListenerEndpointContainer#0-0-C-1] [] INFO  o.s.k.l.KafkaMessageListenerContainer - calculator-group: partitions assigned: [requests-0]
2025-06-02 04:56:00.164 [org.springframework.kafka.KafkaListenerEndpointContainer#0-0-C-1] [] INFO  o.s.k.l.KafkaMessageListenerContainer - calculator-group: partitions revoked: [requests-0]
2025-06-02 04:56:00.207 [org.springframework.kafka.KafkaListenerEndpointContainer#0-0-C-1] [] INFO  o.s.k.l.KafkaMessageListenerContainer - calculator-group: Consumer stopped
2025-06-02 04:56:00.208 [SpringApplicationShutdownHook] [] INFO  o.s.b.w.e.tomcat.GracefulShutdown - Commencing graceful shutdown. Waiting for active requests to complete
2025-06-02 04:56:00.212 [tomcat-shutdown] [] INFO  o.s.b.w.e.tomcat.GracefulShutdown - Graceful shutdown complete
