2025-06-02 04:28:07.033 [main] [] INFO  com.example.RestApplication - Starting RestApplication v0.0.1-SNAPSHOT using Java 24.0.1 with PID 1 (/app/app.jar started by root in /app)
2025-06-02 04:28:07.041 [main] [] INFO  com.example.RestApplication - No active profile set, falling back to 1 default profile: "default"
2025-06-02 04:28:09.076 [main] [] INFO  o.s.b.w.e.tomcat.TomcatWebServer - Tomcat initialized with port 8080 (http)
2025-06-02 04:28:09.099 [main] [] INFO  o.a.coyote.http11.Http11NioProtocol - Initializing ProtocolHandler ["http-nio-8080"]
2025-06-02 04:28:09.103 [main] [] INFO  o.a.catalina.core.StandardService - Starting service [Tomcat]
2025-06-02 04:28:09.104 [main] [] INFO  o.a.catalina.core.StandardEngine - Starting Servlet engine: [Apache Tomcat/10.1.41]
2025-06-02 04:28:09.143 [main] [] INFO  o.a.c.c.C.[Tomcat].[localhost].[/] - Initializing Spring embedded WebApplicationContext
2025-06-02 04:28:09.144 [main] [] INFO  o.s.b.w.s.c.ServletWebServerApplicationContext - Root WebApplicationContext: initialization completed in 2031 ms
2025-06-02 04:28:10.964 [main] [] INFO  o.a.coyote.http11.Http11NioProtocol - Starting ProtocolHandler ["http-nio-8080"]
2025-06-02 04:28:10.987 [main] [] INFO  o.s.b.w.e.tomcat.TomcatWebServer - Tomcat started on port 8080 (http) with context path '/'
2025-06-02 04:28:11.283 [main] [] INFO  com.example.RestApplication - Started RestApplication in 4.804 seconds (process running for 5.856)
2025-06-02 04:28:11.667 [http-nio-8080-exec-1] [] INFO  o.a.c.c.C.[Tomcat].[localhost].[/] - Initializing Spring DispatcherServlet 'dispatcherServlet'
2025-06-02 04:28:11.672 [http-nio-8080-exec-1] [] INFO  o.s.web.servlet.DispatcherServlet - Initializing Servlet 'dispatcherServlet'
2025-06-02 04:28:11.674 [http-nio-8080-exec-1] [] INFO  o.s.web.servlet.DispatcherServlet - Completed initialization in 2 ms
2025-06-02 04:28:16.270 [org.springframework.kafka.KafkaListenerEndpointContainer#0-0-C-1] [] INFO  o.s.k.l.KafkaMessageListenerContainer - rest-group: partitions assigned: [responses-0]
2025-06-02 04:28:16.380 [org.springframework.kafka.KafkaListenerEndpointContainer#0-0-C-1] [8c86e7e3-261c-4584-aef1-1de833ae995b] INFO  c.e.service.KafkaConsumerService - Received response for request: 8c86e7e3-261c-4584-aef1-1de833ae995b
2025-06-02 04:28:16.380 [org.springframework.kafka.KafkaListenerEndpointContainer#0-0-C-1] [8c86e7e3-261c-4584-aef1-1de833ae995b] INFO  c.e.service.KafkaConsumerService - Operation multiply between 20 and 10 results in: 200
2025-06-02 04:47:43.380 [org.springframework.kafka.KafkaListenerEndpointContainer#0-0-C-1] [] INFO  o.s.k.l.KafkaMessageListenerContainer - rest-group: partitions revoked: [responses-0]
2025-06-02 04:47:43.557 [org.springframework.kafka.KafkaListenerEndpointContainer#0-0-C-1] [] INFO  o.s.k.l.KafkaMessageListenerContainer - rest-group: Consumer stopped
2025-06-02 04:47:43.561 [SpringApplicationShutdownHook] [] INFO  o.s.b.w.e.tomcat.GracefulShutdown - Commencing graceful shutdown. Waiting for active requests to complete
2025-06-02 04:47:43.568 [tomcat-shutdown] [] INFO  o.s.b.w.e.tomcat.GracefulShutdown - Graceful shutdown complete
2025-06-02 04:48:00.247 [main] [] INFO  com.example.RestApplication - Starting RestApplication v0.0.1-SNAPSHOT using Java 24.0.1 with PID 1 (/app/app.jar started by root in /app)
2025-06-02 04:48:00.250 [main] [] INFO  com.example.RestApplication - No active profile set, falling back to 1 default profile: "default"
2025-06-02 04:48:01.755 [main] [] INFO  o.s.b.w.e.tomcat.TomcatWebServer - Tomcat initialized with port 8080 (http)
2025-06-02 04:48:01.772 [main] [] INFO  o.a.coyote.http11.Http11NioProtocol - Initializing ProtocolHandler ["http-nio-8080"]
2025-06-02 04:48:01.777 [main] [] INFO  o.a.catalina.core.StandardService - Starting service [Tomcat]
2025-06-02 04:48:01.779 [main] [] INFO  o.a.catalina.core.StandardEngine - Starting Servlet engine: [Apache Tomcat/10.1.41]
2025-06-02 04:48:01.818 [main] [] INFO  o.a.c.c.C.[Tomcat].[localhost].[/] - Initializing Spring embedded WebApplicationContext
2025-06-02 04:48:01.819 [main] [] INFO  o.s.b.w.s.c.ServletWebServerApplicationContext - Root WebApplicationContext: initialization completed in 1512 ms
2025-06-02 04:48:03.354 [main] [] INFO  o.a.coyote.http11.Http11NioProtocol - Starting ProtocolHandler ["http-nio-8080"]
2025-06-02 04:48:03.375 [main] [] INFO  o.s.b.w.e.tomcat.TomcatWebServer - Tomcat started on port 8080 (http) with context path '/'
2025-06-02 04:48:03.610 [main] [] INFO  com.example.RestApplication - Started RestApplication in 3.996 seconds (process running for 5.107)
2025-06-02 04:48:08.410 [org.springframework.kafka.KafkaListenerEndpointContainer#0-0-C-1] [] INFO  o.s.k.l.KafkaMessageListenerContainer - rest-group: partitions assigned: [responses-0]
2025-06-02 04:56:00.151 [org.springframework.kafka.KafkaListenerEndpointContainer#0-0-C-1] [] INFO  o.s.k.l.KafkaMessageListenerContainer - rest-group: partitions revoked: [responses-0]
2025-06-02 04:56:00.207 [org.springframework.kafka.KafkaListenerEndpointContainer#0-0-C-1] [] INFO  o.s.k.l.KafkaMessageListenerContainer - rest-group: Consumer stopped
2025-06-02 04:56:00.208 [SpringApplicationShutdownHook] [] INFO  o.s.b.w.e.tomcat.GracefulShutdown - Commencing graceful shutdown. Waiting for active requests to complete
2025-06-02 04:56:00.212 [tomcat-shutdown] [] INFO  o.s.b.w.e.tomcat.GracefulShutdown - Graceful shutdown complete
